{"/Users/beirea/Documents/Projetos/sticknotes/back/src/domain/base/base.class.ts": {"path":"/Users/beirea/Documents/Projetos/sticknotes/back/src/domain/base/base.class.ts","statementMap":{"0":{"start":{"line":2,"column":0},"end":{"line":2,"column":null}},"1":{"start":{"line":3,"column":0},"end":{"line":3,"column":null}}},"fnMap":{"0":{"name":"(anonymous_0)","decl":{"start":{"line":2,"column":0},"end":{"line":2,"column":null}},"loc":{"start":{"line":2,"column":0},"end":{"line":3,"column":null}}}},"branchMap":{},"s":{"0":11,"1":11},"f":{"0":72},"b":{}}
,"/Users/beirea/Documents/Projetos/sticknotes/back/src/domain/base/base.property.ts": {"path":"/Users/beirea/Documents/Projetos/sticknotes/back/src/domain/base/base.property.ts","statementMap":{"0":{"start":{"line":1,"column":0},"end":{"line":1,"column":81}},"1":{"start":{"line":2,"column":0},"end":{"line":2,"column":36}},"2":{"start":{"line":9,"column":0},"end":{"line":9,"column":null}},"3":{"start":{"line":9,"column":57},"end":{"line":9,"column":66}},"4":{"start":{"line":16,"column":8},"end":{"line":16,"column":null}},"5":{"start":{"line":18,"column":27},"end":{"line":18,"column":47}},"6":{"start":{"line":19,"column":8},"end":{"line":21,"column":null}},"7":{"start":{"line":20,"column":12},"end":{"line":20,"column":null}},"8":{"start":{"line":23,"column":8},"end":{"line":23,"column":null}},"9":{"start":{"line":25,"column":0},"end":{"line":25,"column":null}}},"fnMap":{"0":{"name":"(anonymous_7)","decl":{"start":{"line":9,"column":0},"end":{"line":9,"column":57}},"loc":{"start":{"line":9,"column":0},"end":{"line":25,"column":null}}},"1":{"name":"BaseProperty","decl":{"start":{"line":15,"column":4},"end":{"line":15,"column":16}},"loc":{"start":{"line":15,"column":24},"end":{"line":24,"column":5}}}},"branchMap":{"0":{"loc":{"start":{"line":16,"column":8},"end":{"line":16,"column":null}},"type":"binary-expr","locations":[{"start":{"line":16,"column":8},"end":{"line":16,"column":15}},{"start":{"line":16,"column":15},"end":{"line":16,"column":null}}]},"1":{"loc":{"start":{"line":19,"column":8},"end":{"line":21,"column":null}},"type":"if","locations":[{"start":{"line":19,"column":8},"end":{"line":21,"column":null}}]}},"s":{"0":11,"1":11,"2":11,"3":11,"4":52,"5":52,"6":52,"7":17,"8":35,"9":11},"f":{"0":11,"1":52},"b":{"0":[52,52],"1":[17]}}
,"/Users/beirea/Documents/Projetos/sticknotes/back/src/domain/class/note/note.ts": {"path":"/Users/beirea/Documents/Projetos/sticknotes/back/src/domain/class/note/note.ts","statementMap":{"0":{"start":{"line":1,"column":0},"end":{"line":1,"column":59}},"1":{"start":{"line":2,"column":0},"end":{"line":2,"column":47}},"2":{"start":{"line":3,"column":0},"end":{"line":3,"column":47}},"3":{"start":{"line":4,"column":0},"end":{"line":4,"column":49}},"4":{"start":{"line":5,"column":0},"end":{"line":5,"column":45}},"5":{"start":{"line":6,"column":0},"end":{"line":6,"column":63}},"6":{"start":{"line":8,"column":0},"end":{"line":8,"column":null}},"7":{"start":{"line":8,"column":34},"end":{"line":8,"column":43}},"8":{"start":{"line":18,"column":8},"end":{"line":18,"column":null}},"9":{"start":{"line":20,"column":8},"end":{"line":29,"column":null}},"10":{"start":{"line":21,"column":12},"end":{"line":21,"column":null}},"11":{"start":{"line":22,"column":12},"end":{"line":22,"column":null}},"12":{"start":{"line":23,"column":12},"end":{"line":23,"column":null}},"13":{"start":{"line":24,"column":12},"end":{"line":24,"column":null}},"14":{"start":{"line":25,"column":12},"end":{"line":25,"column":null}},"15":{"start":{"line":27,"column":12},"end":{"line":27,"column":null}},"16":{"start":{"line":28,"column":12},"end":{"line":28,"column":null}},"17":{"start":{"line":31,"column":0},"end":{"line":31,"column":null}}},"fnMap":{"0":{"name":"(anonymous_7)","decl":{"start":{"line":8,"column":0},"end":{"line":8,"column":34}},"loc":{"start":{"line":8,"column":0},"end":{"line":31,"column":null}}},"1":{"name":"Note","decl":{"start":{"line":17,"column":4},"end":{"line":17,"column":16}},"loc":{"start":{"line":17,"column":80},"end":{"line":30,"column":5}}}},"branchMap":{"0":{"loc":{"start":{"line":18,"column":8},"end":{"line":18,"column":null}},"type":"binary-expr","locations":[{"start":{"line":18,"column":8},"end":{"line":18,"column":15}},{"start":{"line":18,"column":15},"end":{"line":18,"column":null}}]}},"s":{"0":6,"1":6,"2":6,"3":6,"4":6,"5":6,"6":6,"7":6,"8":9,"9":9,"10":9,"11":8,"12":7,"13":6,"14":5,"15":5,"16":5,"17":6},"f":{"0":6,"1":9},"b":{"0":[9,9]}}
,"/Users/beirea/Documents/Projetos/sticknotes/back/src/domain/class/note/properties/createdAt.property.ts": {"path":"/Users/beirea/Documents/Projetos/sticknotes/back/src/domain/class/note/properties/createdAt.property.ts","statementMap":{"0":{"start":{"line":1,"column":0},"end":{"line":1,"column":76}},"1":{"start":{"line":3,"column":0},"end":{"line":3,"column":71}},"2":{"start":{"line":3,"column":47},"end":{"line":3,"column":59}},"3":{"start":{"line":5,"column":4},"end":{"line":11,"column":null}},"4":{"start":{"line":6,"column":8},"end":{"line":10,"column":null}},"5":{"start":{"line":13,"column":4},"end":{"line":15,"column":null}},"6":{"start":{"line":14,"column":8},"end":{"line":14,"column":null}},"7":{"start":{"line":16,"column":0},"end":{"line":16,"column":null}}},"fnMap":{"0":{"name":"(anonymous_7)","decl":{"start":{"line":3,"column":0},"end":{"line":3,"column":47}},"loc":{"start":{"line":3,"column":0},"end":{"line":16,"column":null}}},"1":{"name":"(anonymous_9)","decl":{"start":{"line":5,"column":4},"end":{"line":5,"column":12}},"loc":{"start":{"line":5,"column":24},"end":{"line":11,"column":5}}},"2":{"name":"(anonymous_10)","decl":{"start":{"line":13,"column":4},"end":{"line":13,"column":10}},"loc":{"start":{"line":13,"column":22},"end":{"line":15,"column":5}}}},"branchMap":{},"s":{"0":7,"1":7,"2":7,"3":7,"4":10,"5":7,"6":5,"7":7},"f":{"0":17,"1":10,"2":5},"b":{}}
,"/Users/beirea/Documents/Projetos/sticknotes/back/src/domain/class/note/properties/id.property.ts": {"path":"/Users/beirea/Documents/Projetos/sticknotes/back/src/domain/class/note/properties/id.property.ts","statementMap":{"0":{"start":{"line":1,"column":0},"end":{"line":1,"column":76}},"1":{"start":{"line":3,"column":0},"end":{"line":3,"column":68}},"2":{"start":{"line":3,"column":40},"end":{"line":3,"column":52}},"3":{"start":{"line":5,"column":4},"end":{"line":7,"column":null}},"4":{"start":{"line":6,"column":8},"end":{"line":6,"column":null}},"5":{"start":{"line":9,"column":4},"end":{"line":15,"column":null}},"6":{"start":{"line":10,"column":8},"end":{"line":14,"column":null}},"7":{"start":{"line":16,"column":0},"end":{"line":16,"column":null}}},"fnMap":{"0":{"name":"(anonymous_7)","decl":{"start":{"line":3,"column":0},"end":{"line":3,"column":40}},"loc":{"start":{"line":3,"column":0},"end":{"line":16,"column":null}}},"1":{"name":"(anonymous_9)","decl":{"start":{"line":5,"column":4},"end":{"line":5,"column":10}},"loc":{"start":{"line":5,"column":24},"end":{"line":7,"column":5}}},"2":{"name":"(anonymous_10)","decl":{"start":{"line":9,"column":4},"end":{"line":9,"column":12}},"loc":{"start":{"line":9,"column":26},"end":{"line":15,"column":5}}}},"branchMap":{},"s":{"0":7,"1":7,"2":7,"3":7,"4":9,"5":7,"6":12,"7":7},"f":{"0":19,"1":9,"2":12},"b":{}}
,"/Users/beirea/Documents/Projetos/sticknotes/back/src/domain/class/note/properties/value.property.ts": {"path":"/Users/beirea/Documents/Projetos/sticknotes/back/src/domain/class/note/properties/value.property.ts","statementMap":{"0":{"start":{"line":1,"column":0},"end":{"line":1,"column":76}},"1":{"start":{"line":3,"column":0},"end":{"line":3,"column":71}},"2":{"start":{"line":3,"column":43},"end":{"line":3,"column":55}},"3":{"start":{"line":5,"column":4},"end":{"line":7,"column":null}},"4":{"start":{"line":6,"column":8},"end":{"line":6,"column":null}},"5":{"start":{"line":9,"column":4},"end":{"line":15,"column":null}},"6":{"start":{"line":10,"column":8},"end":{"line":14,"column":null}},"7":{"start":{"line":16,"column":0},"end":{"line":16,"column":null}}},"fnMap":{"0":{"name":"(anonymous_7)","decl":{"start":{"line":3,"column":0},"end":{"line":3,"column":43}},"loc":{"start":{"line":3,"column":0},"end":{"line":16,"column":null}}},"1":{"name":"(anonymous_9)","decl":{"start":{"line":5,"column":4},"end":{"line":5,"column":10}},"loc":{"start":{"line":5,"column":24},"end":{"line":7,"column":5}}},"2":{"name":"(anonymous_10)","decl":{"start":{"line":9,"column":4},"end":{"line":9,"column":12}},"loc":{"start":{"line":9,"column":26},"end":{"line":15,"column":5}}}},"branchMap":{},"s":{"0":7,"1":7,"2":7,"3":7,"4":8,"5":7,"6":11,"7":7},"f":{"0":18,"1":8,"2":11},"b":{}}
,"/Users/beirea/Documents/Projetos/sticknotes/back/src/domain/class/note/properties/x.property.ts": {"path":"/Users/beirea/Documents/Projetos/sticknotes/back/src/domain/class/note/properties/x.property.ts","statementMap":{"0":{"start":{"line":1,"column":0},"end":{"line":1,"column":76}},"1":{"start":{"line":3,"column":0},"end":{"line":3,"column":67}},"2":{"start":{"line":3,"column":39},"end":{"line":3,"column":51}},"3":{"start":{"line":5,"column":4},"end":{"line":11,"column":null}},"4":{"start":{"line":6,"column":8},"end":{"line":10,"column":null}},"5":{"start":{"line":13,"column":4},"end":{"line":15,"column":null}},"6":{"start":{"line":14,"column":8},"end":{"line":14,"column":null}},"7":{"start":{"line":16,"column":0},"end":{"line":16,"column":null}}},"fnMap":{"0":{"name":"(anonymous_7)","decl":{"start":{"line":3,"column":0},"end":{"line":3,"column":39}},"loc":{"start":{"line":3,"column":0},"end":{"line":16,"column":null}}},"1":{"name":"(anonymous_9)","decl":{"start":{"line":5,"column":4},"end":{"line":5,"column":12}},"loc":{"start":{"line":5,"column":26},"end":{"line":11,"column":5}}},"2":{"name":"(anonymous_10)","decl":{"start":{"line":13,"column":4},"end":{"line":13,"column":10}},"loc":{"start":{"line":13,"column":24},"end":{"line":15,"column":5}}}},"branchMap":{},"s":{"0":7,"1":7,"2":7,"3":7,"4":10,"5":7,"6":7,"7":7},"f":{"0":17,"1":10,"2":7},"b":{}}
,"/Users/beirea/Documents/Projetos/sticknotes/back/src/domain/class/note/properties/y.property.ts": {"path":"/Users/beirea/Documents/Projetos/sticknotes/back/src/domain/class/note/properties/y.property.ts","statementMap":{"0":{"start":{"line":1,"column":0},"end":{"line":1,"column":76}},"1":{"start":{"line":3,"column":0},"end":{"line":3,"column":67}},"2":{"start":{"line":3,"column":39},"end":{"line":3,"column":51}},"3":{"start":{"line":5,"column":4},"end":{"line":11,"column":null}},"4":{"start":{"line":6,"column":8},"end":{"line":10,"column":null}},"5":{"start":{"line":13,"column":4},"end":{"line":15,"column":null}},"6":{"start":{"line":14,"column":8},"end":{"line":14,"column":null}},"7":{"start":{"line":16,"column":0},"end":{"line":16,"column":null}}},"fnMap":{"0":{"name":"(anonymous_7)","decl":{"start":{"line":3,"column":0},"end":{"line":3,"column":39}},"loc":{"start":{"line":3,"column":0},"end":{"line":16,"column":null}}},"1":{"name":"(anonymous_9)","decl":{"start":{"line":5,"column":4},"end":{"line":5,"column":12}},"loc":{"start":{"line":5,"column":26},"end":{"line":11,"column":5}}},"2":{"name":"(anonymous_10)","decl":{"start":{"line":13,"column":4},"end":{"line":13,"column":10}},"loc":{"start":{"line":13,"column":24},"end":{"line":15,"column":5}}}},"branchMap":{},"s":{"0":7,"1":7,"2":7,"3":7,"4":9,"5":7,"6":6,"7":7},"f":{"0":16,"1":9,"2":6},"b":{}}
,"/Users/beirea/Documents/Projetos/sticknotes/back/src/events/events.enum.ts": {"path":"/Users/beirea/Documents/Projetos/sticknotes/back/src/events/events.enum.ts","statementMap":{"0":{"start":{"line":1,"column":0},"end":{"line":1,"column":null}},"1":{"start":{"line":2,"column":4},"end":{"line":2,"column":null}},"2":{"start":{"line":3,"column":4},"end":{"line":3,"column":null}},"3":{"start":{"line":4,"column":4},"end":{"line":4,"column":null}},"4":{"start":{"line":5,"column":4},"end":{"line":5,"column":null}},"5":{"start":{"line":6,"column":4},"end":{"line":6,"column":null}},"6":{"start":{"line":7,"column":4},"end":{"line":7,"column":null}},"7":{"start":{"line":8,"column":4},"end":{"line":8,"column":null}}},"fnMap":{"0":{"name":"(anonymous_0)","decl":{"start":{"line":1,"column":0},"end":{"line":1,"column":12}},"loc":{"start":{"line":1,"column":18},"end":{"line":9,"column":1}}}},"branchMap":{"0":{"loc":{"start":{"line":1,"column":12},"end":{"line":1,"column":null}},"type":"binary-expr","locations":[{"start":{"line":1,"column":12},"end":{"line":1,"column":18}},{"start":{"line":1,"column":12},"end":{"line":1,"column":null}}]}},"s":{"0":2,"1":2,"2":2,"3":2,"4":2,"5":2,"6":2,"7":2},"f":{"0":2},"b":{"0":[2,2]}}
,"/Users/beirea/Documents/Projetos/sticknotes/back/src/infra/entities/note/note.entity.ts": {"path":"/Users/beirea/Documents/Projetos/sticknotes/back/src/infra/entities/note/note.entity.ts","statementMap":{"0":{"start":{"line":1,"column":0},"end":{"line":1,"column":58}},"1":{"start":{"line":11,"column":15},"end":{"line":16,"column":24}},"2":{"start":{"line":18,"column":0},"end":{"line":18,"column":null}}},"fnMap":{},"branchMap":{"0":{"loc":{"start":{"line":18,"column":15},"end":{"line":18,"column":67}},"type":"binary-expr","locations":[{"start":{"line":18,"column":15},"end":{"line":18,"column":26}},{"start":{"line":18,"column":30},"end":{"line":18,"column":67}}]}},"s":{"0":5,"1":5,"2":5},"f":{},"b":{"0":[5,5]}}
,"/Users/beirea/Documents/Projetos/sticknotes/back/src/infra/exceptions/InvalidInput.exception.ts": {"path":"/Users/beirea/Documents/Projetos/sticknotes/back/src/infra/exceptions/InvalidInput.exception.ts","statementMap":{"0":{"start":{"line":1,"column":0},"end":{"line":1,"column":null}},"1":{"start":{"line":1,"column":51},"end":{"line":1,"column":56}},"2":{"start":{"line":3,"column":8},"end":{"line":3,"column":null}},"3":{"start":{"line":5,"column":0},"end":{"line":5,"column":null}}},"fnMap":{"0":{"name":"(anonymous_6)","decl":{"start":{"line":1,"column":0},"end":{"line":1,"column":51}},"loc":{"start":{"line":1,"column":0},"end":{"line":5,"column":null}}},"1":{"name":"InvalidInputException","decl":{"start":{"line":2,"column":4},"end":{"line":2,"column":16}},"loc":{"start":{"line":2,"column":31},"end":{"line":4,"column":5}}}},"branchMap":{"0":{"loc":{"start":{"line":3,"column":8},"end":{"line":3,"column":null}},"type":"binary-expr","locations":[{"start":{"line":3,"column":8},"end":{"line":3,"column":42}},{"start":{"line":3,"column":42},"end":{"line":3,"column":null}}]}},"s":{"0":11,"1":11,"2":17,"3":11},"f":{"0":11,"1":17},"b":{"0":[17,0]}}
,"/Users/beirea/Documents/Projetos/sticknotes/back/src/infra/repositories/note/note.mapper.ts": {"path":"/Users/beirea/Documents/Projetos/sticknotes/back/src/infra/repositories/note/note.mapper.ts","statementMap":{"0":{"start":{"line":1,"column":0},"end":{"line":1,"column":51}},"1":{"start":{"line":4,"column":24},"end":{"line":6,"column":1}},"2":{"start":{"line":5,"column":4},"end":{"line":5,"column":null}},"3":{"start":{"line":4,"column":13},"end":{"line":4,"column":24}}},"fnMap":{"0":{"name":"(anonymous_1)","decl":{"start":{"line":4,"column":24},"end":{"line":4,"column":25}},"loc":{"start":{"line":4,"column":36},"end":{"line":6,"column":1}}}},"branchMap":{},"s":{"0":5,"1":5,"2":0,"3":5},"f":{"0":0},"b":{}}
,"/Users/beirea/Documents/Projetos/sticknotes/back/src/infra/repositories/note/note.repository.ts": {"path":"/Users/beirea/Documents/Projetos/sticknotes/back/src/infra/repositories/note/note.repository.ts","statementMap":{"0":{"start":{"line":5,"column":0},"end":{"line":5,"column":41}},"1":{"start":{"line":8,"column":0},"end":{"line":8,"column":13}},"2":{"start":{"line":10,"column":33},"end":{"line":10,"column":61}},"3":{"start":{"line":12,"column":10},"end":{"line":20,"column":null}},"4":{"start":{"line":13,"column":8},"end":{"line":19,"column":null}},"5":{"start":{"line":22,"column":10},"end":{"line":30,"column":null}},"6":{"start":{"line":23,"column":8},"end":{"line":29,"column":null}},"7":{"start":{"line":32,"column":17},"end":{"line":41,"column":null}},"8":{"start":{"line":33,"column":23},"end":{"line":38,"column":null}},"9":{"start":{"line":33,"column":14},"end":{"line":38,"column":null}},"10":{"start":{"line":40,"column":8},"end":{"line":40,"column":null}},"11":{"start":{"line":43,"column":10},"end":{"line":46,"column":null}},"12":{"start":{"line":44,"column":25},"end":{"line":44,"column":null}},"13":{"start":{"line":44,"column":14},"end":{"line":44,"column":null}},"14":{"start":{"line":45,"column":8},"end":{"line":45,"column":null}},"15":{"start":{"line":48,"column":10},"end":{"line":56,"column":null}},"16":{"start":{"line":49,"column":23},"end":{"line":49,"column":null}},"17":{"start":{"line":49,"column":14},"end":{"line":49,"column":null}},"18":{"start":{"line":51,"column":8},"end":{"line":53,"column":null}},"19":{"start":{"line":52,"column":12},"end":{"line":52,"column":null}},"20":{"start":{"line":55,"column":8},"end":{"line":55,"column":null}},"21":{"start":{"line":58,"column":10},"end":{"line":68,"column":null}},"22":{"start":{"line":59,"column":23},"end":{"line":61,"column":null}},"23":{"start":{"line":59,"column":14},"end":{"line":61,"column":null}},"24":{"start":{"line":63,"column":8},"end":{"line":65,"column":null}},"25":{"start":{"line":64,"column":12},"end":{"line":64,"column":null}},"26":{"start":{"line":67,"column":8},"end":{"line":67,"column":null}},"27":{"start":{"line":70,"column":10},"end":{"line":78,"column":null}},"28":{"start":{"line":71,"column":23},"end":{"line":73,"column":null}},"29":{"start":{"line":71,"column":14},"end":{"line":73,"column":null}},"30":{"start":{"line":75,"column":8},"end":{"line":77,"column":null}},"31":{"start":{"line":76,"column":12},"end":{"line":76,"column":null}},"32":{"start":{"line":79,"column":0},"end":{"line":79,"column":null}},"33":{"start":{"line":8,"column":13},"end":{"line":8,"column":27}}},"fnMap":{"0":{"name":"(anonymous_13)","decl":{"start":{"line":8,"column":0},"end":{"line":8,"column":13}},"loc":{"start":{"line":8,"column":0},"end":{"line":79,"column":null}}},"1":{"name":"NoteRepository","decl":{"start":{"line":10,"column":4},"end":{"line":10,"column":33}},"loc":{"start":{"line":10,"column":61},"end":{"line":10,"column":64}}},"2":{"name":"(anonymous_15)","decl":{"start":{"line":12,"column":4},"end":{"line":12,"column":10}},"loc":{"start":{"line":12,"column":47},"end":{"line":20,"column":null}}},"3":{"name":"(anonymous_18)","decl":{"start":{"line":22,"column":4},"end":{"line":22,"column":10}},"loc":{"start":{"line":22,"column":57},"end":{"line":30,"column":null}}},"4":{"name":"(anonymous_21)","decl":{"start":{"line":32,"column":4},"end":{"line":32,"column":17}},"loc":{"start":{"line":32,"column":35},"end":{"line":41,"column":null}}},"5":{"name":"(anonymous_24)","decl":{"start":{"line":43,"column":4},"end":{"line":43,"column":10}},"loc":{"start":{"line":43,"column":35},"end":{"line":46,"column":null}}},"6":{"name":"(anonymous_27)","decl":{"start":{"line":48,"column":4},"end":{"line":48,"column":10}},"loc":{"start":{"line":48,"column":38},"end":{"line":56,"column":null}}},"7":{"name":"(anonymous_30)","decl":{"start":{"line":58,"column":4},"end":{"line":58,"column":10}},"loc":{"start":{"line":58,"column":29},"end":{"line":68,"column":null}}},"8":{"name":"(anonymous_33)","decl":{"start":{"line":70,"column":4},"end":{"line":70,"column":10}},"loc":{"start":{"line":70,"column":31},"end":{"line":78,"column":null}}}},"branchMap":{"0":{"loc":{"start":{"line":13,"column":8},"end":{"line":19,"column":null}},"type":"switch","locations":[{"start":{"line":13,"column":8},"end":{"line":19,"column":null}}]},"1":{"loc":{"start":{"line":23,"column":8},"end":{"line":29,"column":null}},"type":"switch","locations":[{"start":{"line":23,"column":8},"end":{"line":29,"column":null}}]},"2":{"loc":{"start":{"line":33,"column":23},"end":{"line":38,"column":null}},"type":"switch","locations":[{"start":{"line":33,"column":23},"end":{"line":38,"column":null}}]},"3":{"loc":{"start":{"line":44,"column":25},"end":{"line":44,"column":null}},"type":"switch","locations":[{"start":{"line":44,"column":25},"end":{"line":44,"column":null}}]},"4":{"loc":{"start":{"line":49,"column":23},"end":{"line":49,"column":null}},"type":"switch","locations":[{"start":{"line":49,"column":23},"end":{"line":49,"column":null}}]},"5":{"loc":{"start":{"line":51,"column":8},"end":{"line":53,"column":null}},"type":"if","locations":[{"start":{"line":51,"column":8},"end":{"line":53,"column":null}}]},"6":{"loc":{"start":{"line":59,"column":23},"end":{"line":61,"column":null}},"type":"switch","locations":[{"start":{"line":59,"column":23},"end":{"line":61,"column":null}}]},"7":{"loc":{"start":{"line":63,"column":8},"end":{"line":65,"column":null}},"type":"if","locations":[{"start":{"line":63,"column":8},"end":{"line":65,"column":null}}]},"8":{"loc":{"start":{"line":71,"column":23},"end":{"line":73,"column":null}},"type":"switch","locations":[{"start":{"line":71,"column":23},"end":{"line":73,"column":null}}]},"9":{"loc":{"start":{"line":75,"column":8},"end":{"line":77,"column":null}},"type":"if","locations":[{"start":{"line":75,"column":8},"end":{"line":77,"column":null}}]}},"s":{"0":5,"1":5,"2":5,"3":5,"4":0,"5":5,"6":0,"7":5,"8":0,"9":0,"10":0,"11":5,"12":0,"13":0,"14":0,"15":5,"16":0,"17":0,"18":0,"19":0,"20":0,"21":5,"22":0,"23":0,"24":0,"25":0,"26":0,"27":5,"28":0,"29":0,"30":0,"31":0,"32":5,"33":5},"f":{"0":5,"1":5,"2":0,"3":0,"4":0,"5":0,"6":0,"7":0,"8":0},"b":{"0":[0],"1":[0],"2":[0],"3":[0],"4":[0],"5":[0],"6":[0],"7":[0],"8":[0],"9":[0]}}
,"/Users/beirea/Documents/Projetos/sticknotes/back/src/useCases/create/index.ts": {"path":"/Users/beirea/Documents/Projetos/sticknotes/back/src/useCases/create/index.ts","statementMap":{"0":{"start":{"line":2,"column":0},"end":{"line":2,"column":50}},"1":{"start":{"line":3,"column":0},"end":{"line":3,"column":33}},"2":{"start":{"line":4,"column":0},"end":{"line":4,"column":79}},"3":{"start":{"line":5,"column":0},"end":{"line":5,"column":61}},"4":{"start":{"line":6,"column":0},"end":{"line":6,"column":48}},"5":{"start":{"line":8,"column":26},"end":{"line":23,"column":null}},"6":{"start":{"line":8,"column":47},"end":{"line":23,"column":null}},"7":{"start":{"line":9,"column":10},"end":{"line":9,"column":null}},"8":{"start":{"line":10,"column":10},"end":{"line":10,"column":null}},"9":{"start":{"line":11,"column":10},"end":{"line":11,"column":null}},"10":{"start":{"line":13,"column":22},"end":{"line":13,"column":null}},"11":{"start":{"line":13,"column":10},"end":{"line":13,"column":null}},"12":{"start":{"line":15,"column":4},"end":{"line":15,"column":null}},"13":{"start":{"line":16,"column":4},"end":{"line":22,"column":null}},"14":{"start":{"line":8,"column":13},"end":{"line":8,"column":26}}},"fnMap":{"0":{"name":"(anonymous_14)","decl":{"start":{"line":8,"column":26},"end":{"line":8,"column":33}},"loc":{"start":{"line":8,"column":47},"end":{"line":23,"column":null}}},"1":{"name":"(anonymous_15)","decl":{"start":{"line":8,"column":47},"end":{"line":8,"column":null}},"loc":{"start":{"line":8,"column":47},"end":{"line":23,"column":null}}}},"branchMap":{},"s":{"0":1,"1":1,"2":1,"3":1,"4":1,"5":1,"6":1,"7":1,"8":1,"9":1,"10":1,"11":1,"12":1,"13":1,"14":1},"f":{"0":1,"1":1},"b":{}}
,"/Users/beirea/Documents/Projetos/sticknotes/back/src/useCases/delete/index.ts": {"path":"/Users/beirea/Documents/Projetos/sticknotes/back/src/useCases/delete/index.ts","statementMap":{"0":{"start":{"line":2,"column":0},"end":{"line":2,"column":79}},"1":{"start":{"line":3,"column":0},"end":{"line":3,"column":61}},"2":{"start":{"line":5,"column":26},"end":{"line":8,"column":null}},"3":{"start":{"line":5,"column":69},"end":{"line":8,"column":null}},"4":{"start":{"line":6,"column":10},"end":{"line":6,"column":null}},"5":{"start":{"line":7,"column":4},"end":{"line":7,"column":null}},"6":{"start":{"line":5,"column":13},"end":{"line":5,"column":26}}},"fnMap":{"0":{"name":"(anonymous_14)","decl":{"start":{"line":5,"column":26},"end":{"line":5,"column":33}},"loc":{"start":{"line":5,"column":69},"end":{"line":8,"column":null}}},"1":{"name":"(anonymous_15)","decl":{"start":{"line":5,"column":69},"end":{"line":5,"column":null}},"loc":{"start":{"line":5,"column":69},"end":{"line":8,"column":null}}}},"branchMap":{},"s":{"0":1,"1":1,"2":1,"3":1,"4":1,"5":2,"6":1},"f":{"0":1,"1":1},"b":{}}
,"/Users/beirea/Documents/Projetos/sticknotes/back/src/useCases/fetchNotes/index.ts": {"path":"/Users/beirea/Documents/Projetos/sticknotes/back/src/useCases/fetchNotes/index.ts","statementMap":{"0":{"start":{"line":2,"column":0},"end":{"line":2,"column":50}},"1":{"start":{"line":3,"column":0},"end":{"line":3,"column":79}},"2":{"start":{"line":4,"column":0},"end":{"line":4,"column":61}},"3":{"start":{"line":6,"column":26},"end":{"line":16,"column":null}},"4":{"start":{"line":6,"column":47},"end":{"line":16,"column":null}},"5":{"start":{"line":7,"column":10},"end":{"line":7,"column":null}},"6":{"start":{"line":8,"column":18},"end":{"line":8,"column":null}},"7":{"start":{"line":8,"column":10},"end":{"line":8,"column":null}},"8":{"start":{"line":9,"column":4},"end":{"line":15,"column":null}},"9":{"start":{"line":9,"column":56},"end":{"line":15,"column":7}},"10":{"start":{"line":6,"column":13},"end":{"line":6,"column":26}}},"fnMap":{"0":{"name":"(anonymous_14)","decl":{"start":{"line":6,"column":26},"end":{"line":6,"column":33}},"loc":{"start":{"line":6,"column":47},"end":{"line":16,"column":null}}},"1":{"name":"(anonymous_15)","decl":{"start":{"line":6,"column":47},"end":{"line":6,"column":null}},"loc":{"start":{"line":6,"column":47},"end":{"line":16,"column":null}}},"2":{"name":"(anonymous_17)","decl":{"start":{"line":9,"column":48},"end":{"line":9,"column":52}},"loc":{"start":{"line":9,"column":52},"end":{"line":9,"column":57}}}},"branchMap":{},"s":{"0":1,"1":1,"2":1,"3":1,"4":1,"5":1,"6":1,"7":1,"8":1,"9":1,"10":1},"f":{"0":1,"1":1,"2":1},"b":{}}
,"/Users/beirea/Documents/Projetos/sticknotes/back/src/useCases/move/index.ts": {"path":"/Users/beirea/Documents/Projetos/sticknotes/back/src/useCases/move/index.ts","statementMap":{"0":{"start":{"line":2,"column":0},"end":{"line":2,"column":79}},"1":{"start":{"line":3,"column":0},"end":{"line":3,"column":61}},"2":{"start":{"line":5,"column":25},"end":{"line":8,"column":null}},"3":{"start":{"line":5,"column":90},"end":{"line":8,"column":null}},"4":{"start":{"line":6,"column":10},"end":{"line":6,"column":null}},"5":{"start":{"line":7,"column":4},"end":{"line":7,"column":null}},"6":{"start":{"line":5,"column":13},"end":{"line":5,"column":25}}},"fnMap":{"0":{"name":"(anonymous_14)","decl":{"start":{"line":5,"column":25},"end":{"line":5,"column":32}},"loc":{"start":{"line":5,"column":90},"end":{"line":8,"column":null}}},"1":{"name":"(anonymous_15)","decl":{"start":{"line":5,"column":90},"end":{"line":5,"column":null}},"loc":{"start":{"line":5,"column":90},"end":{"line":8,"column":null}}}},"branchMap":{},"s":{"0":1,"1":1,"2":1,"3":1,"4":1,"5":2,"6":1},"f":{"0":1,"1":1},"b":{}}
,"/Users/beirea/Documents/Projetos/sticknotes/back/src/useCases/updateValue/index.ts": {"path":"/Users/beirea/Documents/Projetos/sticknotes/back/src/useCases/updateValue/index.ts","statementMap":{"0":{"start":{"line":2,"column":0},"end":{"line":2,"column":79}},"1":{"start":{"line":3,"column":0},"end":{"line":3,"column":61}},"2":{"start":{"line":5,"column":28},"end":{"line":8,"column":null}},"3":{"start":{"line":5,"column":86},"end":{"line":8,"column":null}},"4":{"start":{"line":6,"column":10},"end":{"line":6,"column":null}},"5":{"start":{"line":7,"column":4},"end":{"line":7,"column":null}},"6":{"start":{"line":5,"column":13},"end":{"line":5,"column":28}}},"fnMap":{"0":{"name":"(anonymous_14)","decl":{"start":{"line":5,"column":28},"end":{"line":5,"column":35}},"loc":{"start":{"line":5,"column":86},"end":{"line":8,"column":null}}},"1":{"name":"(anonymous_15)","decl":{"start":{"line":5,"column":86},"end":{"line":5,"column":null}},"loc":{"start":{"line":5,"column":86},"end":{"line":8,"column":null}}}},"branchMap":{},"s":{"0":1,"1":1,"2":1,"3":1,"4":1,"5":2,"6":1},"f":{"0":1,"1":1},"b":{}}
}
