TN:
SF:src/domain/base/base.class.ts
FN:2,(anonymous_0)
FNF:1
FNH:1
FNDA:72,(anonymous_0)
DA:2,11
DA:3,11
LF:2
LH:2
BRF:0
BRH:0
end_of_record
TN:
SF:src/domain/base/base.property.ts
FN:9,(anonymous_7)
FN:15,BaseProperty
FNF:2
FNH:2
FNDA:11,(anonymous_7)
FNDA:52,BaseProperty
DA:1,11
DA:2,11
DA:9,11
DA:16,52
DA:18,52
DA:19,52
DA:20,17
DA:23,35
DA:25,11
LF:9
LH:9
BRDA:16,0,0,52
BRDA:16,0,1,52
BRDA:19,1,0,17
BRF:3
BRH:3
end_of_record
TN:
SF:src/domain/class/note/note.ts
FN:8,(anonymous_7)
FN:17,Note
FNF:2
FNH:2
FNDA:6,(anonymous_7)
FNDA:9,Note
DA:1,6
DA:2,6
DA:3,6
DA:4,6
DA:5,6
DA:6,6
DA:8,6
DA:18,9
DA:20,9
DA:21,9
DA:22,8
DA:23,7
DA:24,6
DA:25,5
DA:27,5
DA:28,5
DA:31,6
LF:17
LH:17
BRDA:18,0,0,9
BRDA:18,0,1,9
BRF:2
BRH:2
end_of_record
TN:
SF:src/domain/class/note/properties/createdAt.property.ts
FN:3,(anonymous_7)
FN:5,(anonymous_9)
FN:13,(anonymous_10)
FNF:3
FNH:3
FNDA:17,(anonymous_7)
FNDA:10,(anonymous_9)
FNDA:5,(anonymous_10)
DA:1,7
DA:3,7
DA:5,7
DA:6,10
DA:13,7
DA:14,5
DA:16,7
LF:7
LH:7
BRF:0
BRH:0
end_of_record
TN:
SF:src/domain/class/note/properties/id.property.ts
FN:3,(anonymous_7)
FN:5,(anonymous_9)
FN:9,(anonymous_10)
FNF:3
FNH:3
FNDA:19,(anonymous_7)
FNDA:9,(anonymous_9)
FNDA:12,(anonymous_10)
DA:1,7
DA:3,7
DA:5,7
DA:6,9
DA:9,7
DA:10,12
DA:16,7
LF:7
LH:7
BRF:0
BRH:0
end_of_record
TN:
SF:src/domain/class/note/properties/value.property.ts
FN:3,(anonymous_7)
FN:5,(anonymous_9)
FN:9,(anonymous_10)
FNF:3
FNH:3
FNDA:18,(anonymous_7)
FNDA:8,(anonymous_9)
FNDA:11,(anonymous_10)
DA:1,7
DA:3,7
DA:5,7
DA:6,8
DA:9,7
DA:10,11
DA:16,7
LF:7
LH:7
BRF:0
BRH:0
end_of_record
TN:
SF:src/domain/class/note/properties/x.property.ts
FN:3,(anonymous_7)
FN:5,(anonymous_9)
FN:13,(anonymous_10)
FNF:3
FNH:3
FNDA:17,(anonymous_7)
FNDA:10,(anonymous_9)
FNDA:7,(anonymous_10)
DA:1,7
DA:3,7
DA:5,7
DA:6,10
DA:13,7
DA:14,7
DA:16,7
LF:7
LH:7
BRF:0
BRH:0
end_of_record
TN:
SF:src/domain/class/note/properties/y.property.ts
FN:3,(anonymous_7)
FN:5,(anonymous_9)
FN:13,(anonymous_10)
FNF:3
FNH:3
FNDA:16,(anonymous_7)
FNDA:9,(anonymous_9)
FNDA:6,(anonymous_10)
DA:1,7
DA:3,7
DA:5,7
DA:6,9
DA:13,7
DA:14,6
DA:16,7
LF:7
LH:7
BRF:0
BRH:0
end_of_record
TN:
SF:src/events/events.enum.ts
FN:1,(anonymous_0)
FNF:1
FNH:1
FNDA:2,(anonymous_0)
DA:1,2
DA:2,2
DA:3,2
DA:4,2
DA:5,2
DA:6,2
DA:7,2
DA:8,2
LF:8
LH:8
BRDA:1,0,0,2
BRDA:1,0,1,2
BRF:2
BRH:2
end_of_record
TN:
SF:src/infra/entities/note/note.entity.ts
FNF:0
FNH:0
DA:1,5
DA:11,5
DA:18,5
LF:3
LH:3
BRDA:18,0,0,5
BRDA:18,0,1,5
BRF:2
BRH:2
end_of_record
TN:
SF:src/infra/exceptions/InvalidInput.exception.ts
FN:1,(anonymous_6)
FN:2,InvalidInputException
FNF:2
FNH:2
FNDA:11,(anonymous_6)
FNDA:17,InvalidInputException
DA:1,11
DA:3,17
DA:5,11
LF:3
LH:3
BRDA:3,0,0,17
BRDA:3,0,1,0
BRF:2
BRH:1
end_of_record
TN:
SF:src/infra/repositories/note/note.mapper.ts
FN:4,(anonymous_1)
FNF:1
FNH:0
FNDA:0,(anonymous_1)
DA:1,5
DA:4,5
DA:5,0
LF:3
LH:2
BRF:0
BRH:0
end_of_record
TN:
SF:src/infra/repositories/note/note.repository.ts
FN:8,(anonymous_13)
FN:10,NoteRepository
FN:12,(anonymous_15)
FN:22,(anonymous_18)
FN:32,(anonymous_21)
FN:43,(anonymous_24)
FN:48,(anonymous_27)
FN:58,(anonymous_30)
FN:70,(anonymous_33)
FNF:9
FNH:2
FNDA:5,(anonymous_13)
FNDA:5,NoteRepository
FNDA:0,(anonymous_15)
FNDA:0,(anonymous_18)
FNDA:0,(anonymous_21)
FNDA:0,(anonymous_24)
FNDA:0,(anonymous_27)
FNDA:0,(anonymous_30)
FNDA:0,(anonymous_33)
DA:5,5
DA:8,5
DA:10,5
DA:12,5
DA:13,0
DA:22,5
DA:23,0
DA:32,5
DA:33,0
DA:40,0
DA:43,5
DA:44,0
DA:45,0
DA:48,5
DA:49,0
DA:51,0
DA:52,0
DA:55,0
DA:58,5
DA:59,0
DA:63,0
DA:64,0
DA:67,0
DA:70,5
DA:71,0
DA:75,0
DA:76,0
DA:79,5
LF:28
LH:11
BRDA:13,0,0,0
BRDA:23,1,0,0
BRDA:33,2,0,0
BRDA:44,3,0,0
BRDA:49,4,0,0
BRDA:51,5,0,0
BRDA:59,6,0,0
BRDA:63,7,0,0
BRDA:71,8,0,0
BRDA:75,9,0,0
BRF:10
BRH:0
end_of_record
TN:
SF:src/useCases/create/index.ts
FN:8,(anonymous_14)
FN:8,(anonymous_15)
FNF:2
FNH:2
FNDA:1,(anonymous_14)
FNDA:1,(anonymous_15)
DA:2,1
DA:3,1
DA:4,1
DA:5,1
DA:6,1
DA:8,1
DA:9,1
DA:10,1
DA:11,1
DA:13,1
DA:15,1
DA:16,1
LF:12
LH:12
BRF:0
BRH:0
end_of_record
TN:
SF:src/useCases/delete/index.ts
FN:5,(anonymous_14)
FN:5,(anonymous_15)
FNF:2
FNH:2
FNDA:1,(anonymous_14)
FNDA:1,(anonymous_15)
DA:2,1
DA:3,1
DA:5,1
DA:6,1
DA:7,2
LF:5
LH:5
BRF:0
BRH:0
end_of_record
TN:
SF:src/useCases/fetchNotes/index.ts
FN:6,(anonymous_14)
FN:6,(anonymous_15)
FN:9,(anonymous_17)
FNF:3
FNH:3
FNDA:1,(anonymous_14)
FNDA:1,(anonymous_15)
FNDA:1,(anonymous_17)
DA:2,1
DA:3,1
DA:4,1
DA:6,1
DA:7,1
DA:8,1
DA:9,1
LF:7
LH:7
BRF:0
BRH:0
end_of_record
TN:
SF:src/useCases/move/index.ts
FN:5,(anonymous_14)
FN:5,(anonymous_15)
FNF:2
FNH:2
FNDA:1,(anonymous_14)
FNDA:1,(anonymous_15)
DA:2,1
DA:3,1
DA:5,1
DA:6,1
DA:7,2
LF:5
LH:5
BRF:0
BRH:0
end_of_record
TN:
SF:src/useCases/updateValue/index.ts
FN:5,(anonymous_14)
FN:5,(anonymous_15)
FNF:2
FNH:2
FNDA:1,(anonymous_14)
FNDA:1,(anonymous_15)
DA:2,1
DA:3,1
DA:5,1
DA:6,1
DA:7,2
LF:5
LH:5
BRF:0
BRH:0
end_of_record
